<?xml version="1.0" encoding="UTF-8"?>
<testng-results ignored="0" total="1" passed="1" failed="0" skipped="0">
  <reporter-output>
  </reporter-output>
  <suite started-at="2022-05-11T19:41:48 EDT" name="Default suite" finished-at="2022-05-11T19:41:54 EDT" duration-ms="6055">
    <groups>
    </groups>
    <test started-at="2022-05-11T19:41:48 EDT" name="Default test" finished-at="2022-05-11T19:41:54 EDT" duration-ms="6055">
      <class name="testcases.dropownTest3">
        <test-method is-config="true" signature="setUp()[pri:0, instance:testcases.dropownTest3@645aa696]" started-at="2022-05-11T19:41:48 EDT" name="setUp" finished-at="2022-05-11T19:41:54 EDT" duration-ms="5507" status="PASS">
          <reporter-output>
          </reporter-output>
        </test-method> <!-- setUp -->
        <test-method signature="opt3Sel()[pri:0, instance:testcases.dropownTest3@645aa696]" started-at="2022-05-11T19:41:54 EDT" name="opt3Sel" finished-at="2022-05-11T19:41:54 EDT" duration-ms="519" status="PASS">
          <reporter-output>
          </reporter-output>
        </test-method> <!-- opt3Sel -->
      </class> <!-- testcases.dropownTest3 -->
    </test> <!-- Default test -->
  </suite> <!-- Default suite -->
</testng-results>
